<?xml version="1.0" encoding="UTF-8"?>
<!-- Generated by org.testng.reporters.JUnitReportReporter -->
<testsuite hostname="Admin-PC" failures="0" tests="1" name="com.souceDemo.TestPakage.TC02Verify_Logout_functionality" time="17.354" errors="0" timestamp="2022-08-06T18:18:41 IST" skipped="0">
  <testcase classname="com.souceDemo.TestPakage.TC02Verify_Logout_functionality" name="verify_logout_functionality" time="17.354"/>
  <system-out/>
</testsuite> <!-- com.souceDemo.TestPakage.TC02Verify_Logout_functionality -->
