<?xml version="1.0" encoding="UTF-8"?>
<!-- Generated by org.testng.reporters.JUnitReportReporter -->
<testsuite hostname="Admin-PC" failures="0" tests="1" name="com.souceDemo.TestPakage.TC03Verify_addtocartsingleproduct" time="16.726" errors="0" timestamp="2022-08-07T18:23:16 IST" skipped="0">
  <testcase classname="com.souceDemo.TestPakage.TC03Verify_addtocartsingleproduct" name="verify_addtocart_product" time="16.726"/>
  <system-out/>
</testsuite> <!-- com.souceDemo.TestPakage.TC03Verify_addtocartsingleproduct -->
