<?xml version="1.0" encoding="UTF-8"?>
<!-- Generated by org.testng.reporters.JUnitReportReporter -->
<testsuite hostname="Admin-PC" failures="0" tests="3" name="com.souceDemo.TestPakage.Practice2" time="2.630" errors="0" timestamp="2022-08-05T18:12:13 IST" skipped="0">
  <testcase classname="com.souceDemo.TestPakage.Practice2" name="logout" time="0.679"/>
  <system-out/>
  <testcase classname="com.souceDemo.TestPakage.Practice2" name="addtocartProduct" time="1.183"/>
  <system-out/>
  <testcase classname="com.souceDemo.TestPakage.Practice2" name="login" time="0.768"/>
  <system-out/>
</testsuite> <!-- com.souceDemo.TestPakage.Practice2 -->
