<?xml version="1.0" encoding="UTF-8"?>
<!-- Generated by org.testng.reporters.JUnitReportReporter -->
<testsuite hostname="Admin-PC" failures="0" tests="1" name="com.souceDemo.TestPakage.TC07Verify_whether_product_are_buy_not" time="6.482" errors="0" timestamp="2022-08-06T16:58:29 IST" skipped="0">
  <testcase classname="com.souceDemo.TestPakage.TC07Verify_whether_product_are_buy_not" name="verifyproduct_buy_functionality" time="6.482"/>
  <system-out/>
</testsuite> <!-- com.souceDemo.TestPakage.TC07Verify_whether_product_are_buy_not -->
