<?xml version="1.0" encoding="UTF-8"?>
<!-- Generated by org.testng.reporters.JUnitReportReporter -->
<testsuite hostname="Admin-PC" failures="0" tests="1" name="com.souceDemo.TestPakage.Practice_class" time="0.010" errors="0" timestamp="2022-08-05T15:22:33 IST" skipped="0">
  <testcase classname="com.souceDemo.TestPakage.Practice_class" name="testmethod" time="0.010"/>
  <system-out/>
</testsuite> <!-- com.souceDemo.TestPakage.Practice_class -->
