<?xml version="1.0" encoding="UTF-8"?>
<!-- Generated by org.testng.reporters.JUnitReportReporter -->
<testsuite hostname="Admin-PC" failures="0" tests="1" name="com.souceDemo.TestPakage.TC05Verify_that_product_select_by_filter" time="15.222" errors="0" timestamp="2022-08-07T18:23:16 IST" skipped="0">
  <testcase classname="com.souceDemo.TestPakage.TC05Verify_that_product_select_by_filter" name="verify_product_filter" time="15.222"/>
  <system-out/>
</testsuite> <!-- com.souceDemo.TestPakage.TC05Verify_that_product_select_by_filter -->
